<?xml version="1.0" encoding="UTF-8"?>
<testng-results skipped="0" failed="0" ignored="0" total="1" passed="1">
  <reporter-output>
  </reporter-output>
  <suite name="Default suite" duration-ms="34459" started-at="2020-09-13T21:10:26 IST" finished-at="2020-09-13T21:11:01 IST">
    <groups>
    </groups>
    <test name="Default test" duration-ms="34459" started-at="2020-09-13T21:10:26 IST" finished-at="2020-09-13T21:11:01 IST">
      <class name="com.WIM.testcases.Test_Login">
        <test-method status="PASS" signature="verifyLogin()[pri:0, instance:com.WIM.testcases.Test_Login@3fd7a715]" name="verifyLogin" duration-ms="34194" started-at="2020-09-13T21:10:26 IST" finished-at="2020-09-13T21:11:00 IST">
          <reporter-output>
          </reporter-output>
        </test-method> <!-- verifyLogin -->
      </class> <!-- com.WIM.testcases.Test_Login -->
    </test> <!-- Default test -->
  </suite> <!-- Default suite -->
</testng-results>
